[2020-07-13T12:09:03.333] [DEBUG] cheese - login => username:admin,password:123456
[2020-07-13T12:09:03.334] [DEBUG] cheese - admin
[2020-07-13T12:09:03.347] [DEBUG] cheese - null
[2020-07-13T12:09:03.348] [DEBUG] cheese - null
[2020-07-15T13:35:51.769] [DEBUG] cheese - login => username:admin,password:123456
[2020-07-15T13:35:51.771] [DEBUG] cheese - admin
[2020-07-15T13:35:51.788] [DEBUG] cheese - null
[2020-07-15T13:35:51.788] [DEBUG] cheese - null
[2020-07-15T13:36:12.290] [DEBUG] cheese - login => username:admin,password:123456
[2020-07-15T13:36:12.290] [DEBUG] cheese - admin
[2020-07-15T13:36:12.292] [DEBUG] cheese - null
[2020-07-15T13:36:12.293] [DEBUG] cheese - null
[2020-07-15T14:56:48.308] [DEBUG] cheese - login => username:admin,password:123456
[2020-07-15T14:56:48.308] [DEBUG] cheese - admin
[2020-07-15T14:56:48.311] [DEBUG] cheese - null
[2020-07-15T14:56:48.311] [DEBUG] cheese - null
[2020-07-15T14:57:02.271] [DEBUG] cheese - login => username:admin,password:123456
[2020-07-15T14:57:02.271] [DEBUG] cheese - admin
[2020-07-15T14:57:02.273] [DEBUG] cheese - null
[2020-07-15T14:57:02.274] [DEBUG] cheese - null
[2020-07-15T14:57:04.798] [DEBUG] cheese - login => username:admin,password:123456
[2020-07-15T14:57:04.798] [DEBUG] cheese - admin
[2020-07-15T14:57:04.801] [DEBUG] cheese - null
[2020-07-15T14:57:04.801] [DEBUG] cheese - null
[2020-07-15T16:09:19.962] [DEBUG] cheese - login => username:admin,password:123456
[2020-07-15T16:09:19.962] [DEBUG] cheese - admin
[2020-07-15T16:09:19.966] [DEBUG] cheese - null
[2020-07-15T16:09:19.966] [DEBUG] cheese - null
[2020-07-15T16:09:41.750] [DEBUG] cheese - login => username:admin,password:123456
[2020-07-15T16:09:41.750] [DEBUG] cheese - admin
[2020-07-15T16:09:41.753] [DEBUG] cheese - null
[2020-07-15T16:09:41.754] [DEBUG] cheese - null
[2020-07-15T16:09:47.463] [DEBUG] cheese - login => username:admin,password:123456
[2020-07-15T16:09:47.463] [DEBUG] cheese - admin
[2020-07-15T16:09:47.465] [DEBUG] cheese - null
[2020-07-15T16:09:47.466] [DEBUG] cheese - null
[2020-07-15T16:10:17.950] [DEBUG] cheese - login => username:admin,password:123456
[2020-07-15T16:10:17.950] [DEBUG] cheese - admin
[2020-07-15T16:10:17.952] [DEBUG] cheese - null
[2020-07-15T16:10:17.952] [DEBUG] cheese - null
[2020-07-16T08:54:17.985] [DEBUG] cheese - login => username:admin,password:123456
[2020-07-16T08:54:17.987] [DEBUG] cheese - admin
[2020-07-16T08:54:18.001] [DEBUG] cheese - null
[2020-07-16T08:54:18.001] [DEBUG] cheese - null
[2020-07-16T09:15:37.092] [DEBUG] cheese - login => username:admin,password:123456
[2020-07-16T09:15:37.094] [DEBUG] cheese - admin
[2020-07-16T09:15:37.097] [DEBUG] cheese - null
[2020-07-16T09:15:37.097] [DEBUG] cheese - null
[2020-07-16T09:16:43.305] [DEBUG] cheese - login => username:admin,password:123456
[2020-07-16T09:16:43.305] [DEBUG] cheese - admin
[2020-07-16T09:16:43.309] [DEBUG] cheese - null
[2020-07-16T09:16:43.309] [DEBUG] cheese - null
[2020-07-16T09:30:02.608] [DEBUG] cheese - login => username:admin,password:123456
[2020-07-16T09:30:02.609] [DEBUG] cheese - admin
[2020-07-16T09:30:02.611] [DEBUG] cheese - null
[2020-07-16T09:30:02.611] [DEBUG] cheese - null
[2020-07-16T09:30:26.279] [DEBUG] cheese - login => username:admin,password:123456
[2020-07-16T09:30:26.279] [DEBUG] cheese - admin
[2020-07-16T09:30:26.282] [DEBUG] cheese - null
[2020-07-16T09:30:26.282] [DEBUG] cheese - null
[2020-07-16T09:31:03.070] [DEBUG] cheese - login => username:admin,password:123456
[2020-07-16T09:31:03.070] [DEBUG] cheese - admin
[2020-07-16T09:31:03.073] [DEBUG] cheese - null
[2020-07-16T09:31:03.073] [DEBUG] cheese - null
[2020-07-16T09:31:09.646] [DEBUG] cheese - login => username:admin,password:123456
[2020-07-16T09:31:09.647] [DEBUG] cheese - admin
[2020-07-16T09:31:09.649] [DEBUG] cheese - null
[2020-07-16T09:31:09.649] [DEBUG] cheese - null
[2020-07-16T09:31:25.231] [DEBUG] cheese - login => username:admin,password:123456
[2020-07-16T09:31:25.231] [DEBUG] cheese - admin
[2020-07-16T09:31:25.235] [DEBUG] cheese - null
[2020-07-16T09:31:25.235] [DEBUG] cheese - null
[2020-07-16T09:31:45.396] [DEBUG] cheese - login => username:admin,password:123456
[2020-07-16T09:31:45.396] [DEBUG] cheese - admin
[2020-07-16T09:31:45.399] [DEBUG] cheese - null
[2020-07-16T09:31:45.399] [DEBUG] cheese - null
[2020-07-16T09:31:50.752] [DEBUG] cheese - login => username:admin,password:123456
[2020-07-16T09:31:50.752] [DEBUG] cheese - admin
[2020-07-16T09:31:50.754] [DEBUG] cheese - null
[2020-07-16T09:31:50.754] [DEBUG] cheese - null
[2020-07-16T09:32:26.210] [DEBUG] cheese - login => username:admin,password:123456
[2020-07-16T09:32:26.210] [DEBUG] cheese - admin
[2020-07-16T09:32:26.212] [DEBUG] cheese - null
[2020-07-16T09:32:26.212] [DEBUG] cheese - null
[2020-07-16T09:32:39.710] [DEBUG] cheese - login => username:admin,password:123456
[2020-07-16T09:32:39.710] [DEBUG] cheese - admin
[2020-07-16T09:32:39.712] [DEBUG] cheese - null
[2020-07-16T09:32:39.712] [DEBUG] cheese - null
[2020-07-16T09:32:58.255] [DEBUG] cheese - login => username:admin,password:123456
[2020-07-16T09:32:58.255] [DEBUG] cheese - admin
[2020-07-16T09:32:58.258] [DEBUG] cheese - null
[2020-07-16T09:32:58.258] [DEBUG] cheese - null
[2020-07-16T09:33:10.739] [DEBUG] cheese - login => username:admin,password:123456
[2020-07-16T09:33:10.739] [DEBUG] cheese - admin
[2020-07-16T09:33:10.746] [DEBUG] cheese - null
[2020-07-16T09:33:10.746] [DEBUG] cheese - null
[2020-07-16T17:04:33.296] [DEBUG] cheese - login => username:admin,password:123456
[2020-07-16T17:04:33.300] [DEBUG] cheese - admin
[2020-07-16T17:04:33.310] [DEBUG] cheese - null
[2020-07-16T17:04:33.311] [DEBUG] cheese - null
[2020-07-27T14:31:43.858] [DEBUG] cheese - login => username:admin,password:123456
[2020-07-27T14:31:43.861] [DEBUG] cheese - admin
[2020-07-27T14:31:43.878] [DEBUG] cheese - null
[2020-07-27T14:31:43.879] [DEBUG] cheese - null
[2020-07-28T15:19:32.361] [DEBUG] cheese - login => username:admin,password:123456
[2020-07-28T15:19:32.363] [DEBUG] cheese - admin
[2020-07-28T15:19:32.374] [DEBUG] cheese - null
[2020-07-28T15:19:32.375] [DEBUG] cheese - null
[2020-08-03T09:31:43.697] [DEBUG] cheese - login => username:admin,password:123456
[2020-08-03T09:31:43.699] [DEBUG] cheese - admin
[2020-08-03T09:31:43.795] [DEBUG] cheese - null
[2020-08-03T09:31:43.796] [DEBUG] cheese - null
[2020-08-03T09:35:08.264] [DEBUG] cheese - login => username:admin,password:123456
[2020-08-03T09:35:08.264] [DEBUG] cheese - admin
[2020-08-03T09:35:08.272] [DEBUG] cheese - null
[2020-08-03T09:35:08.272] [DEBUG] cheese - null
[2020-08-21T14:24:42.356] [DEBUG] cheese - login => username:admin,password:123456
[2020-08-21T14:24:42.358] [DEBUG] cheese - admin
[2020-08-21T14:24:42.376] [DEBUG] cheese - null
[2020-08-21T14:24:42.376] [DEBUG] cheese - null
[2020-08-26T09:17:08.048] [DEBUG] cheese - login => username:admin,password:123456
[2020-08-26T09:17:08.049] [DEBUG] cheese - admin
[2020-08-26T09:17:08.066] [DEBUG] cheese - null
[2020-08-26T09:17:08.067] [DEBUG] cheese - null
[2020-08-31T09:06:09.532] [DEBUG] cheese - login => username:admin,password:123456
[2020-08-31T09:06:09.534] [DEBUG] cheese - admin
[2020-08-31T09:06:09.589] [DEBUG] cheese - null
[2020-08-31T09:06:09.590] [DEBUG] cheese - null
[2020-08-31T10:42:14.762] [DEBUG] cheese - login => username:admin,password:123456
[2020-08-31T10:42:14.763] [DEBUG] cheese - admin
[2020-08-31T10:42:14.779] [DEBUG] cheese - null
[2020-08-31T10:42:14.780] [DEBUG] cheese - null
[2020-08-31T10:49:53.912] [DEBUG] cheese - login => username:admin,password:123456
[2020-08-31T10:49:53.912] [DEBUG] cheese - admin
[2020-08-31T10:49:53.915] [DEBUG] cheese - null
[2020-08-31T10:49:53.916] [DEBUG] cheese - null
[2020-08-31T11:03:01.499] [DEBUG] cheese - login => username:admin,password:123456
[2020-08-31T11:03:01.499] [DEBUG] cheese - admin
[2020-08-31T11:03:01.506] [DEBUG] cheese - null
[2020-08-31T11:03:01.506] [DEBUG] cheese - null
[2020-08-31T11:04:03.953] [DEBUG] cheese - login => username:admin,password:123456
[2020-08-31T11:04:03.954] [DEBUG] cheese - admin
[2020-08-31T11:04:03.957] [DEBUG] cheese - null
[2020-08-31T11:04:03.957] [DEBUG] cheese - null
[2020-08-31T11:09:29.586] [DEBUG] cheese - login => username:admin,password:123456
[2020-08-31T11:09:29.586] [DEBUG] cheese - admin
[2020-08-31T11:09:29.589] [DEBUG] cheese - null
[2020-08-31T11:09:29.590] [DEBUG] cheese - null
[2020-08-31T11:11:05.641] [DEBUG] cheese - login => username:admin,password:1234567
[2020-08-31T11:11:05.642] [DEBUG] cheese - admin
[2020-08-31T11:11:05.645] [DEBUG] cheese - null
[2020-08-31T11:11:05.645] [DEBUG] cheese - null
[2020-08-31T11:12:47.168] [DEBUG] cheese - login => username:admin,password:1234567
[2020-08-31T11:12:47.168] [DEBUG] cheese - admin
[2020-08-31T11:12:47.170] [DEBUG] cheese - null
[2020-08-31T11:12:47.170] [DEBUG] cheese - null
[2020-08-31T11:15:10.192] [DEBUG] cheese - login => username:adminm,password:123456
[2020-08-31T11:15:10.192] [DEBUG] cheese - adminm
[2020-08-31T11:15:10.197] [DEBUG] cheese - null
[2020-08-31T11:15:10.197] [DEBUG] cheese - null
[2020-08-31T11:16:14.610] [DEBUG] cheese - login => username:adminm,password:123456
[2020-08-31T11:16:14.610] [DEBUG] cheese - adminm
[2020-08-31T11:16:14.614] [DEBUG] cheese - null
[2020-08-31T11:16:14.614] [DEBUG] cheese - null
[2020-08-31T13:06:32.466] [DEBUG] cheese - login => username:admin,password:123456
[2020-08-31T13:06:32.466] [DEBUG] cheese - admin
[2020-08-31T13:06:32.471] [DEBUG] cheese - null
[2020-08-31T13:06:32.471] [DEBUG] cheese - null
[2020-08-31T14:00:50.208] [DEBUG] cheese - login => username:admin,password:123456
[2020-08-31T14:00:50.208] [DEBUG] cheese - admin
[2020-08-31T14:00:50.214] [DEBUG] cheese - null
[2020-08-31T14:00:50.215] [DEBUG] cheese - null
[2020-08-31T14:02:21.244] [DEBUG] cheese - login => username:admin,password:123456
[2020-08-31T14:02:21.244] [DEBUG] cheese - admin
[2020-08-31T14:02:21.246] [DEBUG] cheese - null
[2020-08-31T14:02:21.246] [DEBUG] cheese - null
[2020-08-31T16:37:50.909] [DEBUG] cheese - login => username:admin,password:123456
[2020-08-31T16:37:50.909] [DEBUG] cheese - admin
[2020-08-31T16:37:50.973] [DEBUG] cheese - null
[2020-08-31T16:37:50.974] [DEBUG] cheese - null
[2020-09-01T16:44:20.827] [DEBUG] cheese - login => username:admin,password:123456
[2020-09-01T16:44:20.830] [DEBUG] cheese - admin
[2020-09-01T16:44:20.877] [DEBUG] cheese - null
[2020-09-01T16:44:20.878] [DEBUG] cheese - null
[2020-09-02T16:50:49.672] [DEBUG] cheese - login => username:admin,password:123456
[2020-09-02T16:50:49.674] [DEBUG] cheese - admin
[2020-09-02T16:50:49.695] [DEBUG] cheese - null
[2020-09-02T16:50:49.695] [DEBUG] cheese - null
[2020-09-03T14:10:15.327] [DEBUG] cheese - login => username:admin,password:123456
[2020-09-03T14:10:15.328] [DEBUG] cheese - admin
[2020-09-03T14:10:15.427] [DEBUG] cheese - null
[2020-09-03T14:10:15.428] [DEBUG] cheese - null
[2020-09-04T14:17:22.363] [DEBUG] cheese - login => username:admin,password:123456
[2020-09-04T14:17:22.391] [DEBUG] cheese - admin
[2020-09-04T14:17:22.457] [DEBUG] cheese - null
[2020-09-04T14:17:22.482] [DEBUG] cheese - null
[2020-09-07T09:01:26.863] [DEBUG] cheese - login => username:admin,password:123456
[2020-09-07T09:01:26.886] [DEBUG] cheese - admin
[2020-09-07T09:01:26.914] [DEBUG] cheese - null
[2020-09-07T09:01:26.915] [DEBUG] cheese - null
[2020-09-08T09:10:25.575] [DEBUG] cheese - login => username:admin,password:123456
[2020-09-08T09:10:25.601] [DEBUG] cheese - admin
[2020-09-08T09:10:25.611] [DEBUG] cheese - null
[2020-09-08T09:10:25.611] [DEBUG] cheese - null
[2020-09-08T17:19:07.667] [DEBUG] cheese - login => username:admin,password:123456
[2020-09-08T17:19:07.669] [DEBUG] cheese - admin
[2020-09-08T17:19:07.673] [DEBUG] cheese - null
[2020-09-08T17:19:07.673] [DEBUG] cheese - null
[2020-09-08T17:20:18.587] [DEBUG] cheese - login => username:admin,password:123456
[2020-09-08T17:20:18.588] [DEBUG] cheese - admin
[2020-09-08T17:20:18.591] [DEBUG] cheese - null
[2020-09-08T17:20:18.591] [DEBUG] cheese - null
[2020-09-08T17:21:48.218] [DEBUG] cheese - login => username:admin,password:123456
[2020-09-08T17:21:48.219] [DEBUG] cheese - admin
[2020-09-08T17:21:48.239] [DEBUG] cheese - null
[2020-09-08T17:21:48.239] [DEBUG] cheese - null
[2020-09-08T17:21:57.146] [DEBUG] cheese - login => username:admin,password:123456
[2020-09-08T17:21:57.146] [DEBUG] cheese - admin
[2020-09-08T17:21:57.150] [DEBUG] cheese - null
[2020-09-08T17:21:57.150] [DEBUG] cheese - null
[2020-09-09T11:26:28.277] [DEBUG] cheese - login => username:admin,password:123456
[2020-09-09T11:26:28.279] [DEBUG] cheese - admin
[2020-09-09T11:26:28.282] [DEBUG] cheese - null
[2020-09-09T11:26:28.283] [DEBUG] cheese - null
[2020-09-09T13:34:54.190] [DEBUG] cheese - login => username:admin,password:123456
[2020-09-09T13:34:54.192] [DEBUG] cheese - admin
[2020-09-09T13:34:54.200] [DEBUG] cheese - null
[2020-09-09T13:34:54.201] [DEBUG] cheese - null
[2020-09-10T13:45:06.273] [DEBUG] cheese - login => username:admin,password:123456
[2020-09-10T13:45:06.279] [DEBUG] cheese - admin
[2020-09-10T13:45:06.365] [DEBUG] cheese - null
[2020-09-10T13:45:06.366] [DEBUG] cheese - null
[2020-09-10T14:07:30.817] [DEBUG] cheese - null
[2020-09-10T14:07:54.861] [DEBUG] cheese - null
[2020-09-10T14:08:19.661] [DEBUG] cheese - null
[2020-09-10T14:08:41.979] [DEBUG] cheese - null
[2020-09-10T14:09:56.006] [DEBUG] cheese - null
[2020-09-10T14:10:52.012] [DEBUG] cheese - null
[2020-09-10T14:12:10.408] [DEBUG] cheese - null
[2020-09-10T14:19:00.623] [DEBUG] cheese - null
[2020-09-10T14:20:28.633] [DEBUG] cheese - null
[2020-09-10T14:24:29.178] [DEBUG] cheese - null
[2020-09-10T14:27:31.204] [DEBUG] cheese - null
[2020-09-10T14:27:46.627] [DEBUG] cheese - null
[2020-09-10T14:29:48.539] [DEBUG] cheese - null
[2020-09-10T14:30:35.121] [DEBUG] cheese - null
[2020-09-10T14:31:27.218] [DEBUG] cheese - null
[2020-09-10T14:36:41.659] [DEBUG] cheese - null
[2020-09-10T14:36:46.707] [DEBUG] cheese - null
[2020-09-10T14:37:03.208] [DEBUG] cheese - null
[2020-09-10T14:37:16.625] [DEBUG] cheese - null
[2020-09-10T14:38:09.973] [DEBUG] cheese - null
[2020-09-10T14:50:46.382] [DEBUG] cheese - null
[2020-09-10T14:53:23.772] [DEBUG] cheese - login => username:admin,password:123456
[2020-09-10T14:53:23.773] [DEBUG] cheese - admin
[2020-09-10T14:53:23.815] [DEBUG] cheese - null
[2020-09-10T14:53:23.816] [DEBUG] cheese - null
[2020-09-10T16:23:34.724] [DEBUG] cheese - login => username:admin,password:123456
[2020-09-10T16:23:34.725] [DEBUG] cheese - admin
[2020-09-10T16:23:34.730] [DEBUG] cheese - null
[2020-09-10T16:23:34.731] [DEBUG] cheese - null
[2020-09-10T16:24:51.485] [DEBUG] cheese - login => username:admin,password:123456
[2020-09-10T16:24:51.485] [DEBUG] cheese - admin
[2020-09-10T16:24:51.487] [DEBUG] cheese - null
[2020-09-10T16:24:51.487] [DEBUG] cheese - null
[2020-09-10T16:27:19.970] [DEBUG] cheese - login => username:admin,password:123456
[2020-09-10T16:27:19.970] [DEBUG] cheese - admin
[2020-09-10T16:27:19.997] [DEBUG] cheese - null
[2020-09-10T16:27:19.997] [DEBUG] cheese - null
[2020-09-10T16:28:19.475] [DEBUG] cheese - login => username:admin,password:123456
[2020-09-10T16:28:19.475] [DEBUG] cheese - admin
[2020-09-10T16:28:19.477] [DEBUG] cheese - null
[2020-09-10T16:28:19.477] [DEBUG] cheese - null
[2020-09-10T16:36:49.485] [DEBUG] cheese - login => username:admin,password:123456
[2020-09-10T16:36:49.487] [DEBUG] cheese - admin
[2020-09-10T16:36:49.493] [DEBUG] cheese - null
[2020-09-10T16:36:49.493] [DEBUG] cheese - null
[2020-09-10T16:42:26.406] [DEBUG] cheese - login => username:admin,password:123456
[2020-09-10T16:42:26.406] [DEBUG] cheese - admin
[2020-09-10T16:42:26.408] [DEBUG] cheese - null
[2020-09-10T16:42:26.408] [DEBUG] cheese - null
[2020-09-10T16:44:17.072] [DEBUG] cheese - login => username:admin,password:123456
[2020-09-10T16:44:17.072] [DEBUG] cheese - admin
[2020-09-10T16:44:17.074] [DEBUG] cheese - null
[2020-09-10T16:44:17.075] [DEBUG] cheese - null
[2020-09-10T16:53:53.798] [DEBUG] cheese - login => username:admin,password:123456
[2020-09-10T16:53:53.800] [DEBUG] cheese - admin
[2020-09-10T16:53:53.803] [DEBUG] cheese - null
[2020-09-10T16:53:53.804] [DEBUG] cheese - null
[2020-09-10T16:55:12.473] [DEBUG] cheese - login => username:admin,password:123456
[2020-09-10T16:55:12.473] [DEBUG] cheese - admin
[2020-09-10T16:55:12.477] [DEBUG] cheese - null
[2020-09-10T16:55:12.477] [DEBUG] cheese - null
[2020-09-10T16:55:47.554] [DEBUG] cheese - login => username:admin,password:123456
[2020-09-10T16:55:47.554] [DEBUG] cheese - admin
[2020-09-10T16:55:47.557] [DEBUG] cheese - null
[2020-09-10T16:55:47.557] [DEBUG] cheese - null
[2020-09-10T16:56:22.504] [DEBUG] cheese - login => username:admin,password:123456
[2020-09-10T16:56:22.505] [DEBUG] cheese - admin
[2020-09-10T16:56:22.508] [DEBUG] cheese - null
[2020-09-10T16:56:22.508] [DEBUG] cheese - null
[2020-09-10T16:56:56.658] [DEBUG] cheese - login => username:admin,password:123456
[2020-09-10T16:56:56.658] [DEBUG] cheese - admin
[2020-09-10T16:56:56.663] [DEBUG] cheese - null
[2020-09-10T16:56:56.663] [DEBUG] cheese - null
[2020-09-10T16:57:45.691] [DEBUG] cheese - login => username:admin,password:123456
[2020-09-10T16:57:45.691] [DEBUG] cheese - admin
[2020-09-10T16:57:45.694] [DEBUG] cheese - null
[2020-09-10T16:57:45.695] [DEBUG] cheese - null
[2020-09-10T16:58:00.675] [DEBUG] cheese - login => username:admin,password:123456
[2020-09-10T16:58:00.675] [DEBUG] cheese - admin
[2020-09-10T16:58:00.679] [DEBUG] cheese - null
[2020-09-10T16:58:00.679] [DEBUG] cheese - null
[2020-09-10T17:00:41.552] [DEBUG] cheese - login => username:admin,password:123456
[2020-09-10T17:00:41.552] [DEBUG] cheese - admin
[2020-09-10T17:00:41.554] [DEBUG] cheese - null
[2020-09-10T17:00:41.555] [DEBUG] cheese - null
[2020-09-10T17:15:03.323] [DEBUG] cheese - login => username:admin,password:123456
[2020-09-10T17:15:03.323] [DEBUG] cheese - admin
[2020-09-10T17:15:03.326] [DEBUG] cheese - null
[2020-09-10T17:15:03.326] [DEBUG] cheese - null
[2020-09-10T17:15:48.293] [DEBUG] cheese - login => username:admin,password:123456
[2020-09-10T17:15:48.293] [DEBUG] cheese - admin
[2020-09-10T17:15:48.297] [DEBUG] cheese - null
[2020-09-10T17:15:48.297] [DEBUG] cheese - null
[2020-09-10T17:44:35.175] [DEBUG] cheese - login => username:admin,password:123456
[2020-09-10T17:44:35.176] [DEBUG] cheese - admin
[2020-09-10T17:44:35.179] [DEBUG] cheese - null
[2020-09-10T17:44:35.180] [DEBUG] cheese - null
[2020-09-10T18:07:35.381] [DEBUG] cheese - login => username:admin,password:123456
[2020-09-10T18:07:35.381] [DEBUG] cheese - admin
[2020-09-10T18:07:35.385] [DEBUG] cheese - null
[2020-09-10T18:07:35.385] [DEBUG] cheese - null
[2020-09-10T21:36:45.531] [DEBUG] cheese - login => username:admin,password:123456
[2020-09-10T21:36:45.533] [DEBUG] cheese - admin
[2020-09-10T21:36:45.536] [DEBUG] cheese - null
[2020-09-10T21:36:45.537] [DEBUG] cheese - null
[2020-09-10T22:12:04.348] [DEBUG] cheese - null
[2020-09-10T22:24:04.829] [DEBUG] cheese - null
[2020-09-10T22:24:08.611] [DEBUG] cheese - null
[2020-09-10T22:39:36.476] [DEBUG] cheese - login => username:admin,password:123456
[2020-09-10T22:39:36.477] [DEBUG] cheese - admin
[2020-09-10T22:39:36.485] [DEBUG] cheese - null
[2020-09-10T22:39:36.485] [DEBUG] cheese - null
[2020-09-10T23:00:52.024] [DEBUG] cheese - null
[2020-09-10T23:10:54.180] [DEBUG] cheese - login => username:admin,password:123456
[2020-09-10T23:10:54.182] [DEBUG] cheese - admin
[2020-09-10T23:10:54.186] [DEBUG] cheese - null
[2020-09-10T23:10:54.187] [DEBUG] cheese - null
[2020-09-10T23:12:06.180] [DEBUG] cheese - login => username:admin,password:123456
[2020-09-10T23:12:06.180] [DEBUG] cheese - admin
[2020-09-10T23:12:06.183] [DEBUG] cheese - null
[2020-09-10T23:12:06.184] [DEBUG] cheese - null
[2020-09-10T23:12:16.185] [DEBUG] cheese - login => username:admin,password:123456
[2020-09-10T23:12:16.185] [DEBUG] cheese - admin
[2020-09-10T23:12:16.193] [DEBUG] cheese - null
[2020-09-10T23:12:16.194] [DEBUG] cheese - null
[2020-09-10T23:23:31.342] [DEBUG] cheese - login => username:admin,password:123456
[2020-09-10T23:23:31.342] [DEBUG] cheese - admin
[2020-09-10T23:23:31.347] [DEBUG] cheese - null
[2020-09-10T23:23:31.347] [DEBUG] cheese - null
[2020-09-10T23:38:49.025] [DEBUG] cheese - login => username:admin,password:123456
[2020-09-10T23:38:49.025] [DEBUG] cheese - admin
[2020-09-10T23:38:49.027] [DEBUG] cheese - null
[2020-09-10T23:38:49.027] [DEBUG] cheese - null
[2020-09-10T23:43:19.349] [DEBUG] cheese - login => username:admin,password:123456
[2020-09-10T23:43:19.351] [DEBUG] cheese - admin
[2020-09-10T23:43:19.357] [DEBUG] cheese - null
[2020-09-10T23:43:19.358] [DEBUG] cheese - null
